<?xml version="1.0" encoding="UTF-8"?>
<testsuite xmlns:xsi="http://www.w3.org/2001/XMLSchema-instance" xsi:noNamespaceSchemaLocation="https://maven.apache.org/surefire/maven-surefire-plugin/xsd/surefire-test-report.xsd" version="3.0.1" name="com.induce.GameTest" time="0.041" tests="15" errors="0" skipped="0" failures="0">
  <properties>
[...]
</properties>
  <testcase name="checkStateXWinTopRow" classname="com.induce.GameTest" time="0.0"/>
  <testcase name="minimaxFromNearEnd" classname="com.induce.GameTest" time="0.0"/>
  <testcase name="checkStateAntiDiagWin" classname="com.induce.GameTest" time="0.0"/>
  <testcase name="checkStateDiagWin" classname="com.induce.GameTest" time="0.0"/>
  <testcase name="checkStateOWinColumn" classname="com.induce.GameTest" time="0.0"/>
  <testcase name="evaluateNonTerminal" classname="com.induce.GameTest" time="0.0"/>
  <testcase name="checkStatePlayingEmpty" classname="com.induce.GameTest" time="0.001"/>
  <testcase name="minimaxChoosesMoveFromEmpty" classname="com.induce.GameTest" time="0.037"/>
  <testcase name="evaluateDraw" classname="com.induce.GameTest" time="0.0"/>
  <testcase name="minimaxBlocksImmediateWin" classname="com.induce.GameTest" time="0.001"/>
  <testcase name="evaluateXWinForO" classname="com.induce.GameTest" time="0.0"/>
  <testcase name="evaluateXWinForX" classname="com.induce.GameTest" time="0.0"/>
  <testcase name="checkStateDrawFull" classname="com.induce.GameTest" time="0.0"/>
  <testcase name="playerDefaults" classname="com.induce.GameTest" time="0.001"/>
  <testcase name="generateMovesListsEmptyCells" classname="com.induce.GameTest" time="0.0"/>
</testsuite>